<?xml version="1.0" encoding="UTF-8"?>
<!-- Generated by org.testng.reporters.JUnitReportReporter -->
<testsuite hostname="IN-DCY1GK3" failures="0" tests="1" name="test.LoginCICDTest" time="13.861" errors="0" timestamp="2023-11-25T00:50:45 IST" skipped="0">
  <testcase classname="test.LoginCICDTest" name="login" time="13.861"/>
  <system-out/>
</testsuite> <!-- test.LoginCICDTest -->
