<?xml version="1.0" encoding="UTF-8"?>
<!-- Generated by org.testng.reporters.JUnitReportReporter -->
<testsuite hostname="IN-DCY1GK3" failures="0" tests="3" name="cicd.cicd.testClass1" time="16.766" errors="0" timestamp="2023-11-14T15:56:03 IST" skipped="0">
  <testcase classname="cicd.cicd.testClass1" name="Test2" time="3.641"/>
  <system-out/>
  <testcase classname="cicd.cicd.testClass1" name="Test3" time="4.564"/>
  <system-out/>
  <testcase classname="cicd.cicd.testClass1" name="Test1" time="8.561"/>
  <system-out/>
</testsuite> <!-- cicd.cicd.testClass1 -->
