<?xml version="1.0" encoding="UTF-8"?>
<!-- Generated by org.testng.reporters.JUnitReportReporter -->
<testsuite hostname="IN-DCY1GK3" failures="0" tests="1" name="test.LoginCICDTest" time="10.721" errors="0" timestamp="2023-12-01T18:02:44 IST" skipped="0">
  <testcase classname="test.LoginCICDTest" name="login" time="10.721"/>
  <system-out/>
</testsuite> <!-- test.LoginCICDTest -->
