<?xml version="1.0" encoding="UTF-8"?>
<!-- Generated by org.testng.reporters.JUnitReportReporter -->
<testsuite hostname="IN-DCY1GK3" failures="0" tests="1" name="test.LoginCICDTest" time="8.853" errors="0" timestamp="2023-12-01T09:57:32 IST" skipped="0">
  <testcase classname="test.LoginCICDTest" name="login" time="8.853"/>
  <system-out/>
</testsuite> <!-- test.LoginCICDTest -->
