<?xml version="1.0" encoding="UTF-8"?>
<!-- Generated by org.testng.reporters.JUnitReportReporter -->
<testsuite hostname="IN-DCY1GK3" failures="0" tests="1" name="test.LoginCICDTest" time="19.537" errors="0" timestamp="2023-11-25T01:19:22 IST" skipped="0">
  <testcase classname="test.LoginCICDTest" name="login" time="19.537"/>
</testsuite> <!-- test.LoginCICDTest -->
